<?xml version="1.0" encoding="UTF-8"?>
<!-- Generated by org.testng.reporters.JUnitReportReporter -->
<testsuite hostname="Mohamed-Abdelrahman" failures="0" tests="1" name="runners.TestRunner" time="17.508" errors="0" timestamp="2024-03-24T13:02:52 EET" skipped="0">
  <testcase classname="runners.TestRunner" name="runScenario" time="17.508"/>
  <system-out/>
</testsuite> <!-- runners.TestRunner -->
