<?xml version="1.0" encoding="UTF-8"?>
<!-- Generated by org.testng.reporters.JUnitReportReporter -->
<testsuite hostname="Mohamed-Abdelrahman" failures="0" tests="3" name="runners.TestRunner" time="51.168" errors="0" timestamp="2024-03-24T00:32:04 EET" skipped="0">
  <testcase classname="runners.TestRunner" name="runScenario" time="17.849"/>
  <system-out/>
  <testcase classname="runners.TestRunner" name="runScenario" time="17.658"/>
  <system-out/>
  <testcase classname="runners.TestRunner" name="runScenario" time="15.661"/>
  <system-out/>
</testsuite> <!-- runners.TestRunner -->
